<?xml version="1.0" encoding="UTF-8"?>
<!-- Generated by org.testng.reporters.JUnitReportReporter -->
<testsuite hostname="Morgan-QA12L" failures="0" tests="1" name="com.TestExecution.SmokeTest" time="29.168" errors="0" timestamp="2023-08-24T11:48:18 IST" skipped="0">
  <testcase classname="com.TestExecution.SmokeTest" name="Test03" time="29.168"/>
  <system-out/>
</testsuite> <!-- com.TestExecution.SmokeTest -->
