<?xml version="1.0" encoding="UTF-8"?>
<!-- Generated by org.testng.reporters.JUnitReportReporter -->
<testsuite hostname="Morgan-QA12L" failures="0" tests="1" name="com.TestExecution.TestExecution" time="36.216" errors="0" timestamp="2023-08-07T12:25:03 IST" skipped="0">
  <testcase classname="com.TestExecution.TestExecution" name="Test05" time="36.216"/>
  <system-out/>
</testsuite> <!-- com.TestExecution.TestExecution -->
